{"/home/edilson/Learning/docker/nodejsdocker/index.js": {"path":"/home/edilson/Learning/docker/nodejsdocker/index.js","statementMap":{"0":{"start":{"line":2,"column":14},"end":{"line":2,"column":41}},"1":{"start":{"line":3,"column":16},"end":{"line":3,"column":34}},"2":{"start":{"line":4,"column":12},"end":{"line":4,"column":21}},"3":{"start":{"line":5,"column":15},"end":{"line":5,"column":32}},"4":{"start":{"line":6,"column":16},"end":{"line":6,"column":46}},"5":{"start":{"line":7,"column":21},"end":{"line":7,"column":47}},"6":{"start":{"line":11,"column":14},"end":{"line":11,"column":41}},"7":{"start":{"line":13,"column":13},"end":{"line":13,"column":37}},"8":{"start":{"line":16,"column":0},"end":{"line":16,"column":23}},"9":{"start":{"line":17,"column":0},"end":{"line":17,"column":48}},"10":{"start":{"line":18,"column":0},"end":{"line":18,"column":22}},"11":{"start":{"line":21,"column":0},"end":{"line":27,"column":2}},"12":{"start":{"line":22,"column":2},"end":{"line":26,"column":3}},"13":{"start":{"line":23,"column":4},"end":{"line":23,"column":10}},"14":{"start":{"line":25,"column":4},"end":{"line":25,"column":13}},"15":{"start":{"line":31,"column":0},"end":{"line":31,"column":29}},"16":{"start":{"line":34,"column":0},"end":{"line":38,"column":2}},"17":{"start":{"line":35,"column":2},"end":{"line":37,"column":4}},"18":{"start":{"line":40,"column":0},"end":{"line":40,"column":35}},"19":{"start":{"line":43,"column":0},"end":{"line":43,"column":28}},"20":{"start":{"line":45,"column":0},"end":{"line":54,"column":27}},"21":{"start":{"line":46,"column":2},"end":{"line":53,"column":4}},"22":{"start":{"line":47,"column":3},"end":{"line":47,"column":37}},"23":{"start":{"line":47,"column":12},"end":{"line":47,"column":37}},"24":{"start":{"line":48,"column":21},"end":{"line":48,"column":28}},"25":{"start":{"line":49,"column":2},"end":{"line":49,"column":39}},"26":{"start":{"line":51,"column":2},"end":{"line":51,"column":20}},"27":{"start":{"line":52,"column":2},"end":{"line":52,"column":44}},"28":{"start":{"line":54,"column":7},"end":{"line":54,"column":27}}},"fnMap":{"0":{"name":"(anonymous_0)","decl":{"start":{"line":21,"column":13},"end":{"line":21,"column":14}},"loc":{"start":{"line":21,"column":33},"end":{"line":27,"column":1}},"line":21},"1":{"name":"(anonymous_1)","decl":{"start":{"line":34,"column":13},"end":{"line":34,"column":14}},"loc":{"start":{"line":34,"column":27},"end":{"line":38,"column":1}},"line":34},"2":{"name":"(anonymous_2)","decl":{"start":{"line":46,"column":19},"end":{"line":46,"column":20}},"loc":{"start":{"line":46,"column":34},"end":{"line":53,"column":3}},"line":46}},"branchMap":{"0":{"loc":{"start":{"line":13,"column":13},"end":{"line":13,"column":37}},"type":"binary-expr","locations":[{"start":{"line":13,"column":13},"end":{"line":13,"column":29}},{"start":{"line":13,"column":33},"end":{"line":13,"column":37}}],"line":13},"1":{"loc":{"start":{"line":45,"column":0},"end":{"line":54,"column":27}},"type":"if","locations":[{"start":{"line":45,"column":0},"end":{"line":54,"column":27}},{"start":{"line":45,"column":0},"end":{"line":54,"column":27}}],"line":45},"2":{"loc":{"start":{"line":47,"column":3},"end":{"line":47,"column":37}},"type":"if","locations":[{"start":{"line":47,"column":3},"end":{"line":47,"column":37}},{"start":{"line":47,"column":3},"end":{"line":47,"column":37}}],"line":47}},"s":{"0":1,"1":1,"2":1,"3":1,"4":1,"5":1,"6":1,"7":1,"8":1,"9":1,"10":1,"11":1,"12":2,"13":2,"14":0,"15":1,"16":1,"17":0,"18":1,"19":1,"20":1,"21":0,"22":0,"23":0,"24":0,"25":0,"26":0,"27":0,"28":1},"f":{"0":2,"1":0,"2":0},"b":{"0":[1,1],"1":[0,1],"2":[0,0]},"_coverageSchema":"1a1c01bbd47fc00a2c39e90264f33305004495a9","hash":"b84ecbf79b3ad93d5564a622be26ac485f58787a"}
,"/home/edilson/Learning/docker/nodejsdocker/config/config.js": {"path":"/home/edilson/Learning/docker/nodejsdocker/config/config.js","statementMap":{"0":{"start":{"line":1,"column":0},"end":{"line":18,"column":1}}},"fnMap":{},"branchMap":{"0":{"loc":{"start":{"line":3,"column":14},"end":{"line":3,"column":43}},"type":"binary-expr","locations":[{"start":{"line":3,"column":14},"end":{"line":3,"column":33}},{"start":{"line":3,"column":37},"end":{"line":3,"column":43}}],"line":3},"1":{"loc":{"start":{"line":4,"column":10},"end":{"line":4,"column":39}},"type":"binary-expr","locations":[{"start":{"line":4,"column":10},"end":{"line":4,"column":29}},{"start":{"line":4,"column":33},"end":{"line":4,"column":39}}],"line":4},"2":{"loc":{"start":{"line":5,"column":14},"end":{"line":5,"column":42}},"type":"binary-expr","locations":[{"start":{"line":5,"column":14},"end":{"line":5,"column":33}},{"start":{"line":5,"column":37},"end":{"line":5,"column":42}}],"line":5},"3":{"loc":{"start":{"line":6,"column":14},"end":{"line":6,"column":46}},"type":"binary-expr","locations":[{"start":{"line":6,"column":14},"end":{"line":6,"column":37}},{"start":{"line":6,"column":41},"end":{"line":6,"column":46}}],"line":6},"4":{"loc":{"start":{"line":7,"column":10},"end":{"line":7,"column":44}},"type":"binary-expr","locations":[{"start":{"line":7,"column":10},"end":{"line":7,"column":29}},{"start":{"line":7,"column":33},"end":{"line":7,"column":44}}],"line":7},"5":{"loc":{"start":{"line":11,"column":14},"end":{"line":11,"column":43}},"type":"binary-expr","locations":[{"start":{"line":11,"column":14},"end":{"line":11,"column":33}},{"start":{"line":11,"column":37},"end":{"line":11,"column":43}}],"line":11},"6":{"loc":{"start":{"line":12,"column":10},"end":{"line":12,"column":39}},"type":"binary-expr","locations":[{"start":{"line":12,"column":10},"end":{"line":12,"column":29}},{"start":{"line":12,"column":33},"end":{"line":12,"column":39}}],"line":12},"7":{"loc":{"start":{"line":13,"column":14},"end":{"line":13,"column":43}},"type":"binary-expr","locations":[{"start":{"line":13,"column":14},"end":{"line":13,"column":33}},{"start":{"line":13,"column":37},"end":{"line":13,"column":43}}],"line":13},"8":{"loc":{"start":{"line":14,"column":14},"end":{"line":14,"column":47}},"type":"binary-expr","locations":[{"start":{"line":14,"column":14},"end":{"line":14,"column":37}},{"start":{"line":14,"column":41},"end":{"line":14,"column":47}}],"line":14},"9":{"loc":{"start":{"line":15,"column":10},"end":{"line":15,"column":44}},"type":"binary-expr","locations":[{"start":{"line":15,"column":10},"end":{"line":15,"column":29}},{"start":{"line":15,"column":33},"end":{"line":15,"column":44}}],"line":15}},"s":{"0":3},"f":{},"b":{"0":[3,3],"1":[3,3],"2":[3,3],"3":[3,3],"4":[3,3],"5":[3,3],"6":[3,3],"7":[3,3],"8":[3,3],"9":[3,3]},"_coverageSchema":"1a1c01bbd47fc00a2c39e90264f33305004495a9","hash":"f340086538fb4bb0f9b2e9592e4a9bf6db18ade0"}
,"/home/edilson/Learning/docker/nodejsdocker/controllers/seller.js": {"path":"/home/edilson/Learning/docker/nodejsdocker/controllers/seller.js","statementMap":{"0":{"start":{"line":2,"column":20},"end":{"line":2,"column":49}},"1":{"start":{"line":3,"column":21},"end":{"line":3,"column":51}},"2":{"start":{"line":6,"column":2},"end":{"line":26,"column":3}},"3":{"start":{"line":7,"column":19},"end":{"line":11,"column":6}},"4":{"start":{"line":12,"column":23},"end":{"line":12,"column":38}},"5":{"start":{"line":13,"column":20},"end":{"line":18,"column":6}},"6":{"start":{"line":19,"column":4},"end":{"line":23,"column":6}},"7":{"start":{"line":25,"column":4},"end":{"line":25,"column":11}},"8":{"start":{"line":30,"column":2},"end":{"line":39,"column":3}},"9":{"start":{"line":31,"column":47},"end":{"line":31,"column":55}},"10":{"start":{"line":32,"column":19},"end":{"line":32,"column":79}},"11":{"start":{"line":33,"column":4},"end":{"line":36,"column":6}},"12":{"start":{"line":38,"column":4},"end":{"line":38,"column":11}},"13":{"start":{"line":42,"column":0},"end":{"line":45,"column":1}}},"fnMap":{"0":{"name":"createUser","decl":{"start":{"line":5,"column":15},"end":{"line":5,"column":25}},"loc":{"start":{"line":5,"column":43},"end":{"line":27,"column":1}},"line":5},"1":{"name":"createSeller","decl":{"start":{"line":29,"column":15},"end":{"line":29,"column":27}},"loc":{"start":{"line":29,"column":45},"end":{"line":40,"column":1}},"line":29}},"branchMap":{},"s":{"0":1,"1":1,"2":1,"3":1,"4":1,"5":1,"6":1,"7":0,"8":1,"9":1,"10":1,"11":1,"12":0,"13":1},"f":{"0":1,"1":1},"b":{},"_coverageSchema":"1a1c01bbd47fc00a2c39e90264f33305004495a9","hash":"f9762624cf9fbee7c21487caae92b491d3476b05"}
,"/home/edilson/Learning/docker/nodejsdocker/crypt/crypt.js": {"path":"/home/edilson/Learning/docker/nodejsdocker/crypt/crypt.js","statementMap":{"0":{"start":{"line":2,"column":15},"end":{"line":2,"column":32}},"1":{"start":{"line":5,"column":2},"end":{"line":5,"column":33}},"2":{"start":{"line":8,"column":0},"end":{"line":10,"column":1}}},"fnMap":{"0":{"name":"getHash","decl":{"start":{"line":4,"column":9},"end":{"line":4,"column":16}},"loc":{"start":{"line":4,"column":24},"end":{"line":6,"column":1}},"line":4}},"branchMap":{},"s":{"0":1,"1":0,"2":1},"f":{"0":0},"b":{},"_coverageSchema":"1a1c01bbd47fc00a2c39e90264f33305004495a9","hash":"0251b47a808e05a49fe693b5bfd6af22fd9be8fa"}
,"/home/edilson/Learning/docker/nodejsdocker/database/setup.js": {"path":"/home/edilson/Learning/docker/nodejsdocker/database/setup.js","statementMap":{"0":{"start":{"line":2,"column":14},"end":{"line":2,"column":44}},"1":{"start":{"line":3,"column":22},"end":{"line":3,"column":42}},"2":{"start":{"line":5,"column":16},"end":{"line":5,"column":20}},"3":{"start":{"line":7,"column":12},"end":{"line":7,"column":32}},"4":{"start":{"line":8,"column":15},"end":{"line":8,"column":47}},"5":{"start":{"line":10,"column":49},"end":{"line":10,"column":55}},"6":{"start":{"line":11,"column":2},"end":{"line":17,"column":3}},"7":{"start":{"line":12,"column":4},"end":{"line":16,"column":6}},"8":{"start":{"line":14,"column":19},"end":{"line":14,"column":29}},"9":{"start":{"line":18,"column":2},"end":{"line":18,"column":18}},"10":{"start":{"line":21,"column":0},"end":{"line":21,"column":21}}},"fnMap":{"0":{"name":"main","decl":{"start":{"line":9,"column":9},"end":{"line":9,"column":13}},"loc":{"start":{"line":9,"column":17},"end":{"line":19,"column":1}},"line":9},"1":{"name":"(anonymous_1)","decl":{"start":{"line":14,"column":12},"end":{"line":14,"column":13}},"loc":{"start":{"line":14,"column":19},"end":{"line":14,"column":29}},"line":14}},"branchMap":{"0":{"loc":{"start":{"line":11,"column":2},"end":{"line":17,"column":3}},"type":"if","locations":[{"start":{"line":11,"column":2},"end":{"line":17,"column":3}},{"start":{"line":11,"column":2},"end":{"line":17,"column":3}}],"line":11}},"s":{"0":3,"1":3,"2":3,"3":3,"4":3,"5":0,"6":0,"7":0,"8":0,"9":0,"10":3},"f":{"0":0,"1":0},"b":{"0":[0,0]},"_coverageSchema":"1a1c01bbd47fc00a2c39e90264f33305004495a9","hash":"a1ca09607cb74f3ee488ed8d6b766e212d81fb46"}
,"/home/edilson/Learning/docker/nodejsdocker/handlers/handlers.js": {"path":"/home/edilson/Learning/docker/nodejsdocker/handlers/handlers.js","statementMap":{"0":{"start":{"line":4,"column":2},"end":{"line":7,"column":4}},"1":{"start":{"line":11,"column":2},"end":{"line":11,"column":20}},"2":{"start":{"line":12,"column":2},"end":{"line":15,"column":4}},"3":{"start":{"line":18,"column":0},"end":{"line":21,"column":1}}},"fnMap":{"0":{"name":"notFoundError","decl":{"start":{"line":3,"column":9},"end":{"line":3,"column":22}},"loc":{"start":{"line":3,"column":34},"end":{"line":8,"column":1}},"line":3},"1":{"name":"serverError","decl":{"start":{"line":10,"column":9},"end":{"line":10,"column":20}},"loc":{"start":{"line":10,"column":43},"end":{"line":16,"column":1}},"line":10}},"branchMap":{},"s":{"0":0,"1":0,"2":0,"3":1},"f":{"0":0,"1":0},"b":{},"_coverageSchema":"1a1c01bbd47fc00a2c39e90264f33305004495a9","hash":"fbc7d402880bf888909130cce545388c7120d5df"}
,"/home/edilson/Learning/docker/nodejsdocker/models/product.js": {"path":"/home/edilson/Learning/docker/nodejsdocker/models/product.js","statementMap":{"0":{"start":{"line":3,"column":14},"end":{"line":3,"column":42}},"1":{"start":{"line":4,"column":15},"end":{"line":4,"column":36}},"2":{"start":{"line":5,"column":33},"end":{"line":5,"column":53}},"3":{"start":{"line":7,"column":0},"end":{"line":38,"column":1}},"4":{"start":{"line":8,"column":20},"end":{"line":8,"column":27}},"5":{"start":{"line":9,"column":18},"end":{"line":36,"column":4}},"6":{"start":{"line":37,"column":2},"end":{"line":37,"column":16}}},"fnMap":{"0":{"name":"(anonymous_0)","decl":{"start":{"line":7,"column":17},"end":{"line":7,"column":18}},"loc":{"start":{"line":7,"column":29},"end":{"line":38,"column":1}},"line":7}},"branchMap":{},"s":{"0":1,"1":1,"2":1,"3":1,"4":0,"5":0,"6":0},"f":{"0":0},"b":{},"_coverageSchema":"1a1c01bbd47fc00a2c39e90264f33305004495a9","hash":"ef4d7ead18e3a8cd391dd0d71daad1e7b7d8d49b"}
,"/home/edilson/Learning/docker/nodejsdocker/models/seller.js": {"path":"/home/edilson/Learning/docker/nodejsdocker/models/seller.js","statementMap":{"0":{"start":{"line":2,"column":14},"end":{"line":2,"column":42}},"1":{"start":{"line":3,"column":33},"end":{"line":3,"column":53}},"2":{"start":{"line":4,"column":20},"end":{"line":4,"column":45}},"3":{"start":{"line":5,"column":0},"end":{"line":37,"column":1}},"4":{"start":{"line":6,"column":20},"end":{"line":6,"column":27}},"5":{"start":{"line":7,"column":17},"end":{"line":34,"column":3}},"6":{"start":{"line":26,"column":8},"end":{"line":26,"column":53}},"7":{"start":{"line":36,"column":2},"end":{"line":36,"column":15}}},"fnMap":{"0":{"name":"Usersetup","decl":{"start":{"line":5,"column":26},"end":{"line":5,"column":35}},"loc":{"start":{"line":5,"column":39},"end":{"line":37,"column":1}},"line":5},"1":{"name":"(anonymous_1)","decl":{"start":{"line":25,"column":6},"end":{"line":25,"column":7}},"loc":{"start":{"line":25,"column":18},"end":{"line":27,"column":7}},"line":25}},"branchMap":{},"s":{"0":1,"1":1,"2":1,"3":1,"4":0,"5":0,"6":0,"7":0},"f":{"0":0,"1":0},"b":{},"_coverageSchema":"1a1c01bbd47fc00a2c39e90264f33305004495a9","hash":"87238d30b990a826e9f1bcc6f486d0926abb7639"}
,"/home/edilson/Learning/docker/nodejsdocker/router/seller.js": {"path":"/home/edilson/Learning/docker/nodejsdocker/router/seller.js","statementMap":{"0":{"start":{"line":2,"column":15},"end":{"line":2,"column":42}},"1":{"start":{"line":3,"column":19},"end":{"line":3,"column":51}},"2":{"start":{"line":5,"column":0},"end":{"line":5,"column":42}},"3":{"start":{"line":6,"column":0},"end":{"line":6,"column":47}},"4":{"start":{"line":7,"column":0},"end":{"line":7,"column":23}}},"fnMap":{},"branchMap":{},"s":{"0":1,"1":1,"2":1,"3":1,"4":1},"f":{},"b":{},"_coverageSchema":"1a1c01bbd47fc00a2c39e90264f33305004495a9","hash":"a38cb10df622e0a196a81dc5e0b8c0fff066882a"}
}
