TN:
SF:index.js
FN:21,(anonymous_0)
FN:34,(anonymous_1)
FN:46,(anonymous_2)
FNF:3
FNH:1
FNDA:2,(anonymous_0)
FNDA:0,(anonymous_1)
FNDA:0,(anonymous_2)
DA:2,1
DA:3,1
DA:4,1
DA:5,1
DA:6,1
DA:7,1
DA:11,1
DA:13,1
DA:16,1
DA:17,1
DA:18,1
DA:21,1
DA:22,2
DA:23,2
DA:25,0
DA:31,1
DA:34,1
DA:35,0
DA:40,1
DA:43,1
DA:45,1
DA:46,0
DA:47,0
DA:48,0
DA:49,0
DA:51,0
DA:52,0
DA:54,1
LF:28
LH:20
BRDA:13,0,0,1
BRDA:13,0,1,1
BRDA:45,1,0,0
BRDA:45,1,1,1
BRDA:47,2,0,0
BRDA:47,2,1,0
BRF:6
BRH:3
end_of_record
TN:
SF:config/config.js
FNF:0
FNH:0
DA:1,3
LF:1
LH:1
BRDA:3,0,0,3
BRDA:3,0,1,3
BRDA:4,1,0,3
BRDA:4,1,1,3
BRDA:5,2,0,3
BRDA:5,2,1,3
BRDA:6,3,0,3
BRDA:6,3,1,3
BRDA:7,4,0,3
BRDA:7,4,1,3
BRDA:11,5,0,3
BRDA:11,5,1,3
BRDA:12,6,0,3
BRDA:12,6,1,3
BRDA:13,7,0,3
BRDA:13,7,1,3
BRDA:14,8,0,3
BRDA:14,8,1,3
BRDA:15,9,0,3
BRDA:15,9,1,3
BRF:20
BRH:20
end_of_record
TN:
SF:controllers/seller.js
FN:5,createUser
FN:29,createSeller
FNF:2
FNH:2
FNDA:1,createUser
FNDA:1,createSeller
DA:2,1
DA:3,1
DA:6,1
DA:7,1
DA:12,1
DA:13,1
DA:19,1
DA:25,0
DA:30,1
DA:31,1
DA:32,1
DA:33,1
DA:38,0
DA:42,1
LF:14
LH:12
BRF:0
BRH:0
end_of_record
TN:
SF:crypt/crypt.js
FN:4,getHash
FNF:1
FNH:0
FNDA:0,getHash
DA:2,1
DA:5,0
DA:8,1
LF:3
LH:2
BRF:0
BRH:0
end_of_record
TN:
SF:database/setup.js
FN:9,main
FN:14,(anonymous_1)
FNF:2
FNH:0
FNDA:0,main
FNDA:0,(anonymous_1)
DA:2,3
DA:3,3
DA:5,3
DA:7,3
DA:8,3
DA:10,0
DA:11,0
DA:12,0
DA:14,0
DA:18,0
DA:21,3
LF:11
LH:6
BRDA:11,0,0,0
BRDA:11,0,1,0
BRF:2
BRH:0
end_of_record
TN:
SF:handlers/handlers.js
FN:3,notFoundError
FN:10,serverError
FNF:2
FNH:0
FNDA:0,notFoundError
FNDA:0,serverError
DA:4,0
DA:11,0
DA:12,0
DA:18,1
LF:4
LH:1
BRF:0
BRH:0
end_of_record
TN:
SF:models/product.js
FN:7,(anonymous_0)
FNF:1
FNH:0
FNDA:0,(anonymous_0)
DA:3,1
DA:4,1
DA:5,1
DA:7,1
DA:8,0
DA:9,0
DA:37,0
LF:7
LH:4
BRF:0
BRH:0
end_of_record
TN:
SF:models/seller.js
FN:5,Usersetup
FN:25,(anonymous_1)
FNF:2
FNH:0
FNDA:0,Usersetup
FNDA:0,(anonymous_1)
DA:2,1
DA:3,1
DA:4,1
DA:5,1
DA:6,0
DA:7,0
DA:26,0
DA:36,0
LF:8
LH:4
BRF:0
BRH:0
end_of_record
TN:
SF:router/seller.js
FNF:0
FNH:0
DA:2,1
DA:3,1
DA:5,1
DA:6,1
DA:7,1
LF:5
LH:5
BRF:0
BRH:0
end_of_record
